<?xml version="1.0" encoding="UTF-8"?>
<testsuite xmlns:xsi="http://www.w3.org/2001/XMLSchema-instance" xsi:noNamespaceSchemaLocation="https://maven.apache.org/surefire/maven-surefire-plugin/xsd/surefire-test-report-3.0.xsd" version="3.0" name="com.capstone.ttp.TtpApplicationTests" time="8.086" tests="1" errors="0" skipped="0" failures="0">
  <properties>
[...]
</properties>
  <testcase name="contextLoads" classname="com.capstone.ttp.TtpApplicationTests" time="0.739">
    <system-out><![CDATA[15:09:03.352 [main] INFO org.springframework.test.context.support.AnnotationConfigContextLoaderUtils -- Could not detect default configuration classes for test class [com.capstone.ttp.TtpApplicationTests]: TtpApplicationTests does not declare any static, non-private, non-final, nested classes annotated with @Configuration.
15:09:03.522 [main] INFO org.springframework.boot.test.context.SpringBootTestContextBootstrapper -- Found @SpringBootConfiguration com.capstone.ttp.TtpApplication for test class com.capstone.ttp.TtpApplicationTests
  .   ____          _            __ _ _
 /\\ / ___'_ __ _ _(_)_ __  __ _ \ \ \ \
( ( )\___ | '_ | '_| | '_ \/ _` | \ \ \ \
 \\/  ___)| |_)| | | | | || (_| |  ) ) ) )
  '  |____| .__|_| |_|_| |_\__, | / / / /
 =========|_|==============|___/=/_/_/_/

 :: Spring Boot ::                (v3.3.0)

2024-06-07T15:09:04.134-04:00  INFO 38264 --- [ttp] [           main] com.capstone.ttp.TtpApplicationTests     : Starting TtpApplicationTests using Java 17.0.7 with PID 38264 (started by mathe in C:\Users\mathe\enterpriseapp\spring-BE)
2024-06-07T15:09:04.136-04:00  INFO 38264 --- [ttp] [           main] com.capstone.ttp.TtpApplicationTests     : No active profile set, falling back to 1 default profile: "default"
2024-06-07T15:09:05.191-04:00  INFO 38264 --- [ttp] [           main] .s.d.r.c.RepositoryConfigurationDelegate : Bootstrapping Spring Data JPA repositories in DEFAULT mode.
2024-06-07T15:09:05.261-04:00  INFO 38264 --- [ttp] [           main] .s.d.r.c.RepositoryConfigurationDelegate : Finished Spring Data repository scanning in 59 ms. Found 1 JPA repository interface.
2024-06-07T15:09:06.194-04:00  INFO 38264 --- [ttp] [           main] o.hibernate.jpa.internal.util.LogHelper  : HHH000204: Processing PersistenceUnitInfo [name: default]
2024-06-07T15:09:06.286-04:00  INFO 38264 --- [ttp] [           main] org.hibernate.Version                    : HHH000412: Hibernate ORM core version 6.5.2.Final
2024-06-07T15:09:06.329-04:00  INFO 38264 --- [ttp] [           main] o.h.c.internal.RegionFactoryInitiator    : HHH000026: Second-level cache disabled
2024-06-07T15:09:06.890-04:00  INFO 38264 --- [ttp] [           main] o.s.o.j.p.SpringPersistenceUnitInfo      : No LoadTimeWeaver setup: ignoring JPA class transformer
2024-06-07T15:09:06.932-04:00  INFO 38264 --- [ttp] [           main] com.zaxxer.hikari.HikariDataSource       : HikariPool-1 - Starting...
2024-06-07T15:09:07.123-04:00  INFO 38264 --- [ttp] [           main] com.zaxxer.hikari.pool.HikariPool        : HikariPool-1 - Added connection com.mysql.cj.jdbc.ConnectionImpl@2c2a903f
2024-06-07T15:09:07.126-04:00  INFO 38264 --- [ttp] [           main] com.zaxxer.hikari.HikariDataSource       : HikariPool-1 - Start completed.
2024-06-07T15:09:07.189-04:00  WARN 38264 --- [ttp] [           main] org.hibernate.dialect.Dialect            : HHH000511: The 5.5.5 version for [org.hibernate.dialect.MySQLDialect] is no longer supported, hence certain features may not work properly. The minimum supported version is 8.0.0. Check the community dialects project for available legacy versions.
2024-06-07T15:09:08.076-04:00  INFO 38264 --- [ttp] [           main] o.h.e.t.j.p.i.JtaPlatformInitiator       : HHH000489: No JTA platform available (set 'hibernate.transaction.jta.platform' to enable JTA platform integration)
2024-06-07T15:09:08.301-04:00  INFO 38264 --- [ttp] [           main] j.LocalContainerEntityManagerFactoryBean : Initialized JPA EntityManagerFactory for persistence unit 'default'
2024-06-07T15:09:09.335-04:00  INFO 38264 --- [ttp] [           main] eAuthenticationProviderManagerConfigurer : Global AuthenticationManager configured with AuthenticationProvider bean with name authenticationProvider
2024-06-07T15:09:09.336-04:00  WARN 38264 --- [ttp] [           main] r$InitializeUserDetailsManagerConfigurer : Global AuthenticationManager configured with an AuthenticationProvider bean. UserDetailsService beans will not be used for username/password login. Consider removing the AuthenticationProvider bean. Alternatively, consider using the UserDetailsService in a manually instantiated DaoAuthenticationProvider.
2024-06-07T15:09:09.676-04:00  INFO 38264 --- [ttp] [           main] o.s.s.web.DefaultSecurityFilterChain     : Will secure any request with [org.springframework.security.web.session.DisableEncodeUrlFilter@352d3749, org.springframework.security.web.context.request.async.WebAsyncManagerIntegrationFilter@1a3e8b68, org.springframework.security.web.context.SecurityContextHolderFilter@634d56eb, org.springframework.security.web.header.HeaderWriterFilter@5bbb0a25, org.springframework.security.web.authentication.logout.LogoutFilter@51eeae0a, com.capstone.ttp.configs.JwtAuthenticationFilter@6859bbd4, org.springframework.security.web.savedrequest.RequestCacheAwareFilter@22b4ad0c, org.springframework.security.web.servletapi.SecurityContextHolderAwareRequestFilter@d827673, org.springframework.security.web.authentication.AnonymousAuthenticationFilter@5935eb9c, org.springframework.security.web.session.SessionManagementFilter@44846c76, org.springframework.security.web.access.ExceptionTranslationFilter@5692863, org.springframework.security.web.access.intercept.AuthorizationFilter@6b888692]
2024-06-07T15:09:10.257-04:00  INFO 38264 --- [ttp] [           main] com.capstone.ttp.TtpApplicationTests     : Started TtpApplicationTests in 6.462 seconds (process running for 8.532)
]]></system-out>
  </testcase>
</testsuite>